build/app/intermediates/manifest_merge_blame_file/debug/manifest-merger-blame-debug-report.txt
1<?xml version="1.0" encoding="utf-8"?>
2<manifest xmlns:android="http://schemas.android.com/apk/res/android"
3    package="com.cursus.cursus_app"
4    android:versionCode="1"
5    android:versionName="1.0.0" >
6
7    <uses-sdk
8        android:minSdkVersion="21"
9        android:targetSdkVersion="32" />
10    <!--
11         Flutter needs it to communicate with the running application
12         to allow setting breakpoints, to provide hot reload, etc.
13    -->
14    <uses-permission android:name="android.permission.INTERNET" />
14-->src/main/AndroidManifest.xml:3:5-66
14-->src/main/AndroidManifest.xml:3:22-64
15    <uses-permission android:name="android.permission.FOREGROUND_SERVICE" />
15-->src/main/AndroidManifest.xml:4:5-77
15-->src/main/AndroidManifest.xml:4:22-74
16    <uses-permission android:name="android.permission.WAKE_LOCK" />
16-->src/main/AndroidManifest.xml:5:5-68
16-->src/main/AndroidManifest.xml:5:22-65
17    <uses-permission android:name="android.permission.USE_FINGERPRINT" />
17-->src/main/AndroidManifest.xml:6:5-73
17-->src/main/AndroidManifest.xml:6:22-71
18    <uses-permission android:name="android.permission.ACCESS_NETWORK_STATE" />
18-->[:firebase_messaging] AndroidManifest.xml:9:5-79
18-->[:firebase_messaging] AndroidManifest.xml:9:22-76
19    <uses-permission android:name="android.permission.RECEIVE_BOOT_COMPLETED" />
19-->[:awesome_notifications] AndroidManifest.xml:7:5-81
19-->[:awesome_notifications] AndroidManifest.xml:7:22-78
20    <uses-permission android:name="android.permission.VIBRATE" />
20-->[:awesome_notifications] AndroidManifest.xml:8:5-66
20-->[:awesome_notifications] AndroidManifest.xml:8:22-63
21    <uses-permission android:name="android.permission.USE_FULL_SCREEN_INTENT" />
21-->[:flutter_local_notifications] AndroidManifest.xml:9:5-81
21-->[:flutter_local_notifications] AndroidManifest.xml:9:22-78
22    <uses-permission android:name="android.permission.SCHEDULE_EXACT_ALARM" />
22-->[:flutter_local_notifications] AndroidManifest.xml:10:5-79
22-->[:flutter_local_notifications] AndroidManifest.xml:10:22-76
23    <uses-permission android:name="android.permission.ACCESS_COARSE_LOCATION" />
23-->[:location] AndroidManifest.xml:7:5-81
23-->[:location] AndroidManifest.xml:7:22-78
24    <uses-permission android:name="android.permission.ACCESS_FINE_LOCATION" />
24-->[:location] AndroidManifest.xml:8:5-79
24-->[:location] AndroidManifest.xml:8:22-76
25    <uses-permission android:name="android.permission.POST_NOTIFICATIONS" /> <!-- Required by older versions of Google Play services to create IID tokens -->
25-->[com.google.firebase:firebase-messaging:23.0.6] AndroidManifest.xml:26:5-77
25-->[com.google.firebase:firebase-messaging:23.0.6] AndroidManifest.xml:26:22-74
26    <uses-permission android:name="com.google.android.c2dm.permission.RECEIVE" />
26-->[com.google.firebase:firebase-messaging:23.0.6] AndroidManifest.xml:29:5-82
26-->[com.google.firebase:firebase-messaging:23.0.6] AndroidManifest.xml:29:22-79
27    <uses-permission android:name="com.google.android.gms.permission.AD_ID" />
27-->[com.google.android.gms:play-services-measurement-api:21.0.0] AndroidManifest.xml:25:5-79
27-->[com.google.android.gms:play-services-measurement-api:21.0.0] AndroidManifest.xml:25:22-76
28    <uses-permission android:name="android.permission.USE_BIOMETRIC" />
28-->[androidx.biometric:biometric:1.1.0] AndroidManifest.xml:24:5-72
28-->[androidx.biometric:biometric:1.1.0] AndroidManifest.xml:24:22-69
29
30    <uses-feature
30-->[com.google.android.gms:play-services-maps:18.0.2] AndroidManifest.xml:26:5-28:35
31        android:glEsVersion="0x00020000"
31-->[com.google.android.gms:play-services-maps:18.0.2] AndroidManifest.xml:27:9-41
32        android:required="true" />
32-->[com.google.android.gms:play-services-maps:18.0.2] AndroidManifest.xml:28:9-32
33
34    <queries>
34-->[com.google.android.gms:play-services-maps:18.0.2] AndroidManifest.xml:30:5-34:15
35
36        <!-- Needs to be explicitly declared on Android R+ -->
37        <package android:name="com.google.android.apps.maps" />
37-->[com.google.android.gms:play-services-maps:18.0.2] AndroidManifest.xml:33:9-64
37-->[com.google.android.gms:play-services-maps:18.0.2] AndroidManifest.xml:33:18-61
38    </queries>
39
40    <uses-permission android:name="com.google.android.finsky.permission.BIND_GET_INSTALL_REFERRER_SERVICE" /> <!-- for android -->
40-->[com.google.android.gms:play-services-measurement:21.0.0] AndroidManifest.xml:26:5-110
40-->[com.google.android.gms:play-services-measurement:21.0.0] AndroidManifest.xml:26:22-107
41    <!-- <uses-permission android:name="com.android.launcher.permission.READ_SETTINGS"/> -->
42    <!-- <uses-permission android:name="com.android.launcher.permission.WRITE_SETTINGS"/> -->
43    <!-- <uses-permission android:name="com.android.launcher.permission.INSTALL_SHORTCUT" /> -->
44    <!-- <uses-permission android:name="com.android.launcher.permission.UNINSTALL_SHORTCUT" /> -->
45    <!-- for Samsung -->
46    <uses-permission android:name="com.sec.android.provider.badge.permission.READ" />
46-->[me.leolin:ShortcutBadger:1.1.22] AndroidManifest.xml:19:5-86
46-->[me.leolin:ShortcutBadger:1.1.22] AndroidManifest.xml:19:22-83
47    <uses-permission android:name="com.sec.android.provider.badge.permission.WRITE" /> <!-- for htc -->
47-->[me.leolin:ShortcutBadger:1.1.22] AndroidManifest.xml:20:5-87
47-->[me.leolin:ShortcutBadger:1.1.22] AndroidManifest.xml:20:22-84
48    <uses-permission android:name="com.htc.launcher.permission.READ_SETTINGS" />
48-->[me.leolin:ShortcutBadger:1.1.22] AndroidManifest.xml:23:5-81
48-->[me.leolin:ShortcutBadger:1.1.22] AndroidManifest.xml:23:22-78
49    <uses-permission android:name="com.htc.launcher.permission.UPDATE_SHORTCUT" /> <!-- for sony -->
49-->[me.leolin:ShortcutBadger:1.1.22] AndroidManifest.xml:24:5-83
49-->[me.leolin:ShortcutBadger:1.1.22] AndroidManifest.xml:24:22-80
50    <uses-permission android:name="com.sonyericsson.home.permission.BROADCAST_BADGE" />
50-->[me.leolin:ShortcutBadger:1.1.22] AndroidManifest.xml:27:5-88
50-->[me.leolin:ShortcutBadger:1.1.22] AndroidManifest.xml:27:22-85
51    <uses-permission android:name="com.sonymobile.home.permission.PROVIDER_INSERT_BADGE" /> <!-- for apex -->
51-->[me.leolin:ShortcutBadger:1.1.22] AndroidManifest.xml:28:5-92
51-->[me.leolin:ShortcutBadger:1.1.22] AndroidManifest.xml:28:22-89
52    <uses-permission android:name="com.anddoes.launcher.permission.UPDATE_COUNT" /> <!-- for solid -->
52-->[me.leolin:ShortcutBadger:1.1.22] AndroidManifest.xml:31:5-84
52-->[me.leolin:ShortcutBadger:1.1.22] AndroidManifest.xml:31:22-81
53    <uses-permission android:name="com.majeur.launcher.permission.UPDATE_BADGE" /> <!-- for huawei -->
53-->[me.leolin:ShortcutBadger:1.1.22] AndroidManifest.xml:34:5-83
53-->[me.leolin:ShortcutBadger:1.1.22] AndroidManifest.xml:34:22-80
54    <uses-permission android:name="com.huawei.android.launcher.permission.CHANGE_BADGE" />
54-->[me.leolin:ShortcutBadger:1.1.22] AndroidManifest.xml:37:5-91
54-->[me.leolin:ShortcutBadger:1.1.22] AndroidManifest.xml:37:22-88
55    <uses-permission android:name="com.huawei.android.launcher.permission.READ_SETTINGS" />
55-->[me.leolin:ShortcutBadger:1.1.22] AndroidManifest.xml:38:5-92
55-->[me.leolin:ShortcutBadger:1.1.22] AndroidManifest.xml:38:22-89
56    <uses-permission android:name="com.huawei.android.launcher.permission.WRITE_SETTINGS" /> <!-- for ZUK -->
56-->[me.leolin:ShortcutBadger:1.1.22] AndroidManifest.xml:39:5-93
56-->[me.leolin:ShortcutBadger:1.1.22] AndroidManifest.xml:39:22-90
57    <uses-permission android:name="android.permission.READ_APP_BADGE" /> <!-- for OPPO -->
57-->[me.leolin:ShortcutBadger:1.1.22] AndroidManifest.xml:42:5-73
57-->[me.leolin:ShortcutBadger:1.1.22] AndroidManifest.xml:42:22-70
58    <uses-permission android:name="com.oppo.launcher.permission.READ_SETTINGS" />
58-->[me.leolin:ShortcutBadger:1.1.22] AndroidManifest.xml:45:5-82
58-->[me.leolin:ShortcutBadger:1.1.22] AndroidManifest.xml:45:22-79
59    <uses-permission android:name="com.oppo.launcher.permission.WRITE_SETTINGS" /> <!-- for EvMe -->
59-->[me.leolin:ShortcutBadger:1.1.22] AndroidManifest.xml:46:5-83
59-->[me.leolin:ShortcutBadger:1.1.22] AndroidManifest.xml:46:22-80
60    <uses-permission android:name="me.everything.badger.permission.BADGE_COUNT_READ" />
60-->[me.leolin:ShortcutBadger:1.1.22] AndroidManifest.xml:49:5-88
60-->[me.leolin:ShortcutBadger:1.1.22] AndroidManifest.xml:49:22-85
61    <uses-permission android:name="me.everything.badger.permission.BADGE_COUNT_WRITE" />
61-->[me.leolin:ShortcutBadger:1.1.22] AndroidManifest.xml:50:5-89
61-->[me.leolin:ShortcutBadger:1.1.22] AndroidManifest.xml:50:22-86
62
63    <application
63-->src/main/AndroidManifest.xml:7:5-53:19
64        android:appComponentFactory="androidx.core.app.CoreComponentFactory"
64-->[androidx.core:core:1.7.0] AndroidManifest.xml:24:18-86
65        android:debuggable="true"
66        android:icon="@mipmap/launcher_icon"
66-->src/main/AndroidManifest.xml:9:9-45
67        android:label="Cursus" >
67-->src/main/AndroidManifest.xml:8:9-31
68        <meta-data
68-->src/main/AndroidManifest.xml:11:9-13:17
69            android:name="com.google.android.geo.API_KEY"
69-->src/main/AndroidManifest.xml:11:20-65
70            android:value="AIzaSyALskQ6LByPl_CKuPt_WncPrVC9LzXl3Hs" />
70-->src/main/AndroidManifest.xml:12:15-70
71        <meta-data
71-->src/main/AndroidManifest.xml:14:9-107
72            android:name="com.facebook.sdk.ApplicationId"
72-->src/main/AndroidManifest.xml:14:20-65
73            android:value="@string/facebook_app_id" />
73-->src/main/AndroidManifest.xml:14:66-105
74
75        <activity
75-->src/main/AndroidManifest.xml:17:9-46:20
76            android:name="com.cursus.cursus_app.MainActivity"
76-->src/main/AndroidManifest.xml:19:13-41
77            android:configChanges="orientation|keyboardHidden|keyboard|screenSize|smallestScreenSize|locale|layoutDirection|fontScale|screenLayout|density|uiMode"
77-->src/main/AndroidManifest.xml:22:13-163
78            android:exported="true"
78-->src/main/AndroidManifest.xml:18:13-36
79            android:hardwareAccelerated="true"
79-->src/main/AndroidManifest.xml:23:13-47
80            android:launchMode="singleTop"
80-->src/main/AndroidManifest.xml:20:13-43
81            android:theme="@style/LaunchTheme"
81-->src/main/AndroidManifest.xml:21:13-47
82            android:windowSoftInputMode="adjustResize" >
82-->src/main/AndroidManifest.xml:24:13-55
83
84            <!--
85                 Specifies an Android theme to apply to this Activity as soon as
86                 the Android process has started. This theme is visible to the user
87                 while the Flutter UI initializes. After that, this theme continues
88                 to determine the Window background behind the Flutter UI.
89            -->
90            <meta-data
90-->src/main/AndroidManifest.xml:29:13-32:17
91                android:name="io.flutter.embedding.android.NormalTheme"
91-->src/main/AndroidManifest.xml:30:15-70
92                android:resource="@style/NormalTheme" />
92-->src/main/AndroidManifest.xml:31:15-52
93            <!--
94                 Displays an Android View that continues showing the launch screen
95                 Drawable until Flutter paints its first frame, then this splash
96                 screen fades out. A splash screen is useful to avoid any visual
97                 gap between the end of Android's launch screen and the painting of
98                 Flutter's first frame.
99            -->
100            <meta-data
100-->src/main/AndroidManifest.xml:38:13-41:17
101                android:name="io.flutter.embedding.android.SplashScreenDrawable"
101-->src/main/AndroidManifest.xml:39:15-79
102                android:resource="@drawable/launch_background" />
102-->src/main/AndroidManifest.xml:40:15-61
103
104            <intent-filter>
104-->src/main/AndroidManifest.xml:42:13-45:29
105                <action android:name="android.intent.action.MAIN" />
105-->src/main/AndroidManifest.xml:43:17-68
105-->src/main/AndroidManifest.xml:43:25-66
106
107                <category android:name="android.intent.category.LAUNCHER" />
107-->src/main/AndroidManifest.xml:44:17-76
107-->src/main/AndroidManifest.xml:44:27-74
108            </intent-filter>
109        </activity>
110        <!--
111             Don't delete the meta-data below.
112             This is used by the Flutter tool to generate GeneratedPluginRegistrant.java
113        -->
114        <meta-data
114-->src/main/AndroidManifest.xml:49:9-51:33
115            android:name="flutterEmbedding"
115-->src/main/AndroidManifest.xml:50:13-44
116            android:value="2" />
116-->src/main/AndroidManifest.xml:51:13-30
117
118        <service
118-->[:firebase_auth] AndroidManifest.xml:8:9-12:19
119            android:name="com.google.firebase.components.ComponentDiscoveryService"
119-->[:firebase_auth] AndroidManifest.xml:8:18-89
120            android:directBootAware="true"
120-->[com.google.firebase:firebase-common:20.1.1] AndroidManifest.xml:35:13-43
121            android:exported="false" >
121-->[com.google.firebase:firebase-messaging:23.0.6] AndroidManifest.xml:55:13-37
122            <meta-data
122-->[:firebase_auth] AndroidManifest.xml:9:13-11:85
123                android:name="com.google.firebase.components:io.flutter.plugins.firebase.auth.FlutterFirebaseAuthRegistrar"
123-->[:firebase_auth] AndroidManifest.xml:10:17-124
124                android:value="com.google.firebase.components.ComponentRegistrar" />
124-->[:firebase_auth] AndroidManifest.xml:11:17-82
125            <meta-data
125-->[:firebase_messaging] AndroidManifest.xml:34:13-36:85
126                android:name="com.google.firebase.components:io.flutter.plugins.firebase.messaging.FlutterFirebaseAppRegistrar"
126-->[:firebase_messaging] AndroidManifest.xml:35:17-128
127                android:value="com.google.firebase.components.ComponentRegistrar" />
127-->[:firebase_messaging] AndroidManifest.xml:36:17-82
128            <meta-data
128-->[:firebase_core] AndroidManifest.xml:9:13-11:85
129                android:name="com.google.firebase.components:io.flutter.plugins.firebase.core.FlutterFirebaseCoreRegistrar"
129-->[:firebase_core] AndroidManifest.xml:10:17-124
130                android:value="com.google.firebase.components.ComponentRegistrar" />
130-->[:firebase_core] AndroidManifest.xml:11:17-82
131            <meta-data
131-->[com.google.firebase:firebase-messaging:23.0.6] AndroidManifest.xml:56:13-58:85
132                android:name="com.google.firebase.components:com.google.firebase.messaging.FirebaseMessagingRegistrar"
132-->[com.google.firebase:firebase-messaging:23.0.6] AndroidManifest.xml:57:17-119
133                android:value="com.google.firebase.components.ComponentRegistrar" />
133-->[com.google.firebase:firebase-messaging:23.0.6] AndroidManifest.xml:58:17-82
134            <meta-data
134-->[com.google.firebase:firebase-datatransport:18.1.5] AndroidManifest.xml:28:13-30:85
135                android:name="com.google.firebase.components:com.google.firebase.datatransport.TransportRegistrar"
135-->[com.google.firebase:firebase-datatransport:18.1.5] AndroidManifest.xml:29:17-115
136                android:value="com.google.firebase.components.ComponentRegistrar" />
136-->[com.google.firebase:firebase-datatransport:18.1.5] AndroidManifest.xml:30:17-82
137            <meta-data
137-->[com.google.firebase:firebase-auth:21.0.6] AndroidManifest.xml:67:13-69:85
138                android:name="com.google.firebase.components:com.google.firebase.auth.FirebaseAuthRegistrar"
138-->[com.google.firebase:firebase-auth:21.0.6] AndroidManifest.xml:68:17-109
139                android:value="com.google.firebase.components.ComponentRegistrar" />
139-->[com.google.firebase:firebase-auth:21.0.6] AndroidManifest.xml:69:17-82
140            <meta-data
140-->[com.google.android.gms:play-services-measurement-api:21.0.0] AndroidManifest.xml:31:13-33:85
141                android:name="com.google.firebase.components:com.google.firebase.analytics.connector.internal.AnalyticsConnectorRegistrar"
141-->[com.google.android.gms:play-services-measurement-api:21.0.0] AndroidManifest.xml:32:17-139
142                android:value="com.google.firebase.components.ComponentRegistrar" />
142-->[com.google.android.gms:play-services-measurement-api:21.0.0] AndroidManifest.xml:33:17-82
143            <meta-data
143-->[com.google.firebase:firebase-installations:17.0.1] AndroidManifest.xml:18:13-20:85
144                android:name="com.google.firebase.components:com.google.firebase.installations.FirebaseInstallationsRegistrar"
144-->[com.google.firebase:firebase-installations:17.0.1] AndroidManifest.xml:19:17-127
145                android:value="com.google.firebase.components.ComponentRegistrar" />
145-->[com.google.firebase:firebase-installations:17.0.1] AndroidManifest.xml:20:17-82
146        </service>
147        <service
147-->[:firebase_messaging] AndroidManifest.xml:12:9-15:72
148            android:name="io.flutter.plugins.firebase.messaging.FlutterFirebaseMessagingBackgroundService"
148-->[:firebase_messaging] AndroidManifest.xml:13:13-107
149            android:exported="false"
149-->[:firebase_messaging] AndroidManifest.xml:14:13-37
150            android:permission="android.permission.BIND_JOB_SERVICE" />
150-->[:firebase_messaging] AndroidManifest.xml:15:13-69
151        <service
151-->[:firebase_messaging] AndroidManifest.xml:16:9-22:19
152            android:name="io.flutter.plugins.firebase.messaging.FlutterFirebaseMessagingService"
152-->[:firebase_messaging] AndroidManifest.xml:17:13-97
153            android:exported="false" >
153-->[:firebase_messaging] AndroidManifest.xml:18:13-37
154            <intent-filter>
154-->[:firebase_messaging] AndroidManifest.xml:19:13-21:29
155                <action android:name="com.google.firebase.MESSAGING_EVENT" />
155-->[:firebase_messaging] AndroidManifest.xml:20:17-78
155-->[:firebase_messaging] AndroidManifest.xml:20:25-75
156            </intent-filter>
157        </service>
158
159        <receiver
159-->[:firebase_messaging] AndroidManifest.xml:24:9-31:20
160            android:name="io.flutter.plugins.firebase.messaging.FlutterFirebaseMessagingReceiver"
160-->[:firebase_messaging] AndroidManifest.xml:25:13-98
161            android:exported="true"
161-->[:firebase_messaging] AndroidManifest.xml:26:13-36
162            android:permission="com.google.android.c2dm.permission.SEND" >
162-->[:firebase_messaging] AndroidManifest.xml:27:13-73
163            <intent-filter>
163-->[:firebase_messaging] AndroidManifest.xml:28:13-30:29
164                <action android:name="com.google.android.c2dm.intent.RECEIVE" />
164-->[:firebase_messaging] AndroidManifest.xml:29:17-81
164-->[:firebase_messaging] AndroidManifest.xml:29:25-78
165            </intent-filter>
166        </receiver>
167
168        <provider
168-->[:firebase_messaging] AndroidManifest.xml:39:9-43:38
169            android:name="io.flutter.plugins.firebase.messaging.FlutterFirebaseMessagingInitProvider"
169-->[:firebase_messaging] AndroidManifest.xml:40:13-102
170            android:authorities="com.cursus.cursus_app.flutterfirebasemessaginginitprovider"
170-->[:firebase_messaging] AndroidManifest.xml:41:13-88
171            android:exported="false"
171-->[:firebase_messaging] AndroidManifest.xml:42:13-37
172            android:initOrder="99" />
172-->[:firebase_messaging] AndroidManifest.xml:43:13-35
173        <provider
173-->[:image_picker_android] AndroidManifest.xml:8:9-16:20
174            android:name="io.flutter.plugins.imagepicker.ImagePickerFileProvider"
174-->[:image_picker_android] AndroidManifest.xml:9:13-82
175            android:authorities="com.cursus.cursus_app.flutter.image_provider"
175-->[:image_picker_android] AndroidManifest.xml:10:13-74
176            android:exported="false"
176-->[:image_picker_android] AndroidManifest.xml:11:13-37
177            android:grantUriPermissions="true" >
177-->[:image_picker_android] AndroidManifest.xml:12:13-47
178            <meta-data
178-->[:image_picker_android] AndroidManifest.xml:13:13-15:75
179                android:name="android.support.FILE_PROVIDER_PATHS"
179-->[:image_picker_android] AndroidManifest.xml:14:17-67
180                android:resource="@xml/flutter_image_picker_file_paths" />
180-->[:image_picker_android] AndroidManifest.xml:15:17-72
181        </provider>
182
183        <receiver
183-->[:awesome_notifications] AndroidManifest.xml:11:9-13:40
184            android:name="me.carda.awesome_notifications.notifications.broadcastReceivers.DismissedNotificationReceiver"
184-->[:awesome_notifications] AndroidManifest.xml:12:13-121
185            android:exported="false" />
185-->[:awesome_notifications] AndroidManifest.xml:13:13-37
186        <receiver
186-->[:awesome_notifications] AndroidManifest.xml:14:9-16:40
187            android:name="me.carda.awesome_notifications.notifications.broadcastReceivers.ScheduledNotificationReceiver"
187-->[:awesome_notifications] AndroidManifest.xml:15:13-121
188            android:exported="false" />
188-->[:awesome_notifications] AndroidManifest.xml:16:13-37
189        <receiver
189-->[:awesome_notifications] AndroidManifest.xml:17:9-19:40
190            android:name="me.carda.awesome_notifications.notifications.broadcastReceivers.KeepOnTopActionReceiver"
190-->[:awesome_notifications] AndroidManifest.xml:18:13-115
191            android:exported="false" />
191-->[:awesome_notifications] AndroidManifest.xml:19:13-37
192        <receiver
192-->[:awesome_notifications] AndroidManifest.xml:20:9-33:20
193            android:name="me.carda.awesome_notifications.notifications.broadcastReceivers.RefreshSchedulesReceiver"
193-->[:awesome_notifications] AndroidManifest.xml:21:13-116
194            android:exported="false" >
194-->[:awesome_notifications] AndroidManifest.xml:22:13-37
195            <intent-filter>
195-->[:awesome_notifications] AndroidManifest.xml:23:13-32:29
196                <category android:name="android.intent.category.DEFAULT" />
196-->[:awesome_notifications] AndroidManifest.xml:24:17-76
196-->[:awesome_notifications] AndroidManifest.xml:24:27-73
197
198                <action android:name="android.intent.action.BOOT_COMPLETED" />
198-->[:awesome_notifications] AndroidManifest.xml:26:17-79
198-->[:awesome_notifications] AndroidManifest.xml:26:25-76
199                <action android:name="android.intent.action.LOCKED_BOOT_COMPLETED" />
199-->[:awesome_notifications] AndroidManifest.xml:27:17-86
199-->[:awesome_notifications] AndroidManifest.xml:27:25-83
200                <action android:name="android.intent.action.MY_PACKAGE_REPLACED" />
200-->[:awesome_notifications] AndroidManifest.xml:28:17-84
200-->[:awesome_notifications] AndroidManifest.xml:28:25-81
201                <action android:name="android.intent.action.QUICKBOOT_POWERON" />
201-->[:awesome_notifications] AndroidManifest.xml:29:17-82
201-->[:awesome_notifications] AndroidManifest.xml:29:25-79
202                <action android:name="com.htc.intent.action.QUICKBOOT_POWERON" />
202-->[:awesome_notifications] AndroidManifest.xml:30:17-82
202-->[:awesome_notifications] AndroidManifest.xml:30:25-79
203                <action android:name="android.app.action.SCHEDULE_EXACT_ALARM_PERMISSION_STATE_CHANGED" />
203-->[:awesome_notifications] AndroidManifest.xml:31:17-107
203-->[:awesome_notifications] AndroidManifest.xml:31:25-104
204            </intent-filter>
205        </receiver>
206        <receiver
206-->[:flutter_local_notifications] AndroidManifest.xml:13:9-15:40
207            android:name="com.dexterous.flutterlocalnotifications.ScheduledNotificationReceiver"
207-->[:flutter_local_notifications] AndroidManifest.xml:14:13-97
208            android:exported="false" />
208-->[:flutter_local_notifications] AndroidManifest.xml:15:13-37
209        <receiver
209-->[:flutter_local_notifications] AndroidManifest.xml:16:9-25:20
210            android:name="com.dexterous.flutterlocalnotifications.ScheduledNotificationBootReceiver"
210-->[:flutter_local_notifications] AndroidManifest.xml:17:13-101
211            android:exported="false" >
211-->[:flutter_local_notifications] AndroidManifest.xml:18:13-37
212            <intent-filter>
212-->[:flutter_local_notifications] AndroidManifest.xml:19:13-24:29
213                <action android:name="android.intent.action.BOOT_COMPLETED" />
213-->[:awesome_notifications] AndroidManifest.xml:26:17-79
213-->[:awesome_notifications] AndroidManifest.xml:26:25-76
214                <action android:name="android.intent.action.MY_PACKAGE_REPLACED" />
214-->[:awesome_notifications] AndroidManifest.xml:28:17-84
214-->[:awesome_notifications] AndroidManifest.xml:28:25-81
215                <action android:name="android.intent.action.QUICKBOOT_POWERON" />
215-->[:awesome_notifications] AndroidManifest.xml:29:17-82
215-->[:awesome_notifications] AndroidManifest.xml:29:25-79
216                <action android:name="com.htc.intent.action.QUICKBOOT_POWERON" />
216-->[:awesome_notifications] AndroidManifest.xml:30:17-82
216-->[:awesome_notifications] AndroidManifest.xml:30:25-79
217            </intent-filter>
218        </receiver>
219
220        <activity
220-->[:url_launcher_android] AndroidManifest.xml:8:9-11:74
221            android:name="io.flutter.plugins.urllauncher.WebViewActivity"
221-->[:url_launcher_android] AndroidManifest.xml:9:13-74
222            android:exported="false"
222-->[:url_launcher_android] AndroidManifest.xml:10:13-37
223            android:theme="@android:style/Theme.NoTitleBar.Fullscreen" />
223-->[:url_launcher_android] AndroidManifest.xml:11:13-71
224
225        <service
225-->[:location] AndroidManifest.xml:11:9-15:56
226            android:name="com.lyokone.location.FlutterLocationService"
226-->[:location] AndroidManifest.xml:12:13-71
227            android:enabled="true"
227-->[:location] AndroidManifest.xml:13:13-35
228            android:exported="false"
228-->[:location] AndroidManifest.xml:14:13-37
229            android:foregroundServiceType="location" />
229-->[:location] AndroidManifest.xml:15:13-53
230
231        <uses-library
231-->[androidx.window:window:1.0.0-beta04] AndroidManifest.xml:25:9-27:40
232            android:name="androidx.window.extensions"
232-->[androidx.window:window:1.0.0-beta04] AndroidManifest.xml:26:13-54
233            android:required="false" />
233-->[androidx.window:window:1.0.0-beta04] AndroidManifest.xml:27:13-37
234        <uses-library
234-->[androidx.window:window:1.0.0-beta04] AndroidManifest.xml:28:9-30:40
235            android:name="androidx.window.sidecar"
235-->[androidx.window:window:1.0.0-beta04] AndroidManifest.xml:29:13-51
236            android:required="false" />
236-->[androidx.window:window:1.0.0-beta04] AndroidManifest.xml:30:13-37
237
238        <receiver
238-->[com.google.firebase:firebase-messaging:23.0.6] AndroidManifest.xml:32:9-39:20
239            android:name="com.google.firebase.iid.FirebaseInstanceIdReceiver"
239-->[com.google.firebase:firebase-messaging:23.0.6] AndroidManifest.xml:33:13-78
240            android:exported="true"
240-->[com.google.firebase:firebase-messaging:23.0.6] AndroidManifest.xml:34:13-36
241            android:permission="com.google.android.c2dm.permission.SEND" >
241-->[com.google.firebase:firebase-messaging:23.0.6] AndroidManifest.xml:35:13-73
242            <intent-filter>
242-->[:firebase_messaging] AndroidManifest.xml:28:13-30:29
243                <action android:name="com.google.android.c2dm.intent.RECEIVE" />
243-->[:firebase_messaging] AndroidManifest.xml:29:17-81
243-->[:firebase_messaging] AndroidManifest.xml:29:25-78
244            </intent-filter>
245        </receiver>
246        <!--
247             FirebaseMessagingService performs security checks at runtime,
248             but set to not exported to explicitly avoid allowing another app to call it.
249        -->
250        <service
250-->[com.google.firebase:firebase-messaging:23.0.6] AndroidManifest.xml:45:9-52:19
251            android:name="com.google.firebase.messaging.FirebaseMessagingService"
251-->[com.google.firebase:firebase-messaging:23.0.6] AndroidManifest.xml:46:13-82
252            android:directBootAware="true"
252-->[com.google.firebase:firebase-messaging:23.0.6] AndroidManifest.xml:47:13-43
253            android:exported="false" >
253-->[com.google.firebase:firebase-messaging:23.0.6] AndroidManifest.xml:48:13-37
254            <intent-filter android:priority="-500" >
254-->[:firebase_messaging] AndroidManifest.xml:19:13-21:29
255                <action android:name="com.google.firebase.MESSAGING_EVENT" />
255-->[:firebase_messaging] AndroidManifest.xml:20:17-78
255-->[:firebase_messaging] AndroidManifest.xml:20:25-75
256            </intent-filter>
257        </service>
258        <service
258-->[com.google.android.datatransport:transport-backend-cct:3.1.6] AndroidManifest.xml:29:9-35:19
259            android:name="com.google.android.datatransport.runtime.backends.TransportBackendDiscovery"
259-->[com.google.android.datatransport:transport-backend-cct:3.1.6] AndroidManifest.xml:30:13-103
260            android:exported="false" >
260-->[com.google.android.datatransport:transport-backend-cct:3.1.6] AndroidManifest.xml:31:13-37
261            <meta-data
261-->[com.google.android.datatransport:transport-backend-cct:3.1.6] AndroidManifest.xml:32:13-34:39
262                android:name="backend:com.google.android.datatransport.cct.CctBackendFactory"
262-->[com.google.android.datatransport:transport-backend-cct:3.1.6] AndroidManifest.xml:33:17-94
263                android:value="cct" />
263-->[com.google.android.datatransport:transport-backend-cct:3.1.6] AndroidManifest.xml:34:17-36
264        </service>
265        <service
265-->[com.google.android.datatransport:transport-runtime:3.1.6] AndroidManifest.xml:26:9-30:19